"../../../Engine/Content/Functions/Engine_MaterialFunctions01/Opacity/CameraDepthFade.uasset" 0
"../../../Engine/Content/EngineMaterials/T_Default_Material_Grid_M.uasset" 1
"../../../Engine/Content/EngineMaterials/T_Default_Material_Grid_N.uasset" 2
"../../../Engine/Content/EngineMaterials/WorldGridMaterial.uasset" 3
"../../../Engine/Content/ArtTools/RenderToTexture/Meshes/S_1_Unit_Plane.uasset" 4
"../../../Engine/Content/EngineMaterials/DefaultMaterial.uasset" 5
"../../../Engine/Content/BasicShapes/Cone.uasset" 6
"../../../Engine/Content/BasicShapes/Cylinder.uasset" 7
"../../../Engine/Content/BasicShapes/Plane.uasset" 8
"../../../Engine/Content/EngineMaterials/DefaultPhysicalMaterial.uasset" 9
"../../../Engine/Content/BufferVisualization/AmbientOcclusion.uasset" 10
"../../../Engine/Content/BufferVisualization/BaseColor.uasset" 11
"../../../Engine/Content/BufferVisualization/CustomDepth.uasset" 12
"../../../Engine/Content/Functions/Engine_MaterialFunctions02/Utility/VectorLength.uasset" 13
"../../../Engine/Content/BufferVisualization/CustomDepthWorldUnits.uasset" 14
"../../../Engine/Content/Functions/Engine_MaterialFunctions02/Utility/BreakOutFloat2Components.uasset" 15
"../../../Engine/Content/Functions/Engine_MaterialFunctions01/Texturing/ScaleUVsByCenter.uasset" 16
"../../../Engine/Content/Functions/Engine_MaterialFunctions02/ScreenResolution.uasset" 17
"../../../Engine/Content/Functions/Engine_MaterialFunctions02/Texturing/ScreenAlignedUVs.uasset" 18
"../../../Engine/Content/Functions/Engine_MaterialFunctions02/Utility/MakeFloat2.uasset" 19
"../../../Engine/Content/Functions/Engine_MaterialFunctions02/Utility/MakeFloat3.uasset" 20
"../../../Engine/Content/EngineMaterials/MiniFont.uasset" 21
"../../../Engine/Content/BufferVisualization/CustomStencil.uasset" 22
"../../../Engine/Content/BufferVisualization/FinalImage.uasset" 23
"../../../Engine/Content/BufferVisualization/LightingModel.uasset" 24
"../../../Engine/Content/BufferVisualization/MaterialAO.uasset" 25
"../../../Engine/Content/BufferVisualization/Metallic.uasset" 26
"../../../Engine/Content/BufferVisualization/Opacity.uasset" 27
"../../../Engine/Content/BufferVisualization/PostTonemapHDRColor.uasset" 28
"../../../Engine/Content/BufferVisualization/PreTonemapHDRColor.uasset" 29
"../../../Engine/Content/BufferVisualization/Roughness.uasset" 30
"../../../Engine/Content/BufferVisualization/SceneColor.uasset" 31
"../../../Engine/Content/BufferVisualization/SceneDepth.uasset" 32
"../../../Engine/Content/BufferVisualization/SceneDepthWorldUnits.uasset" 33
"../../../Engine/Content/BufferVisualization/SeparateTranslucencyA.uasset" 34
"../../../Engine/Content/BufferVisualization/SeparateTranslucencyRGB.uasset" 35
"../../../Engine/Content/BufferVisualization/Specular.uasset" 36
"../../../Engine/Content/BufferVisualization/SubsurfaceColor.uasset" 37
"../../../Engine/Content/BufferVisualization/WorldNormal.uasset" 38
"../../../Engine/Content/EditorLandscapeResources/DataLayer.uasset" 39
"../../../Engine/Content/EditorLandscapeResources/DefaultAlphaTexture.uasset" 40
"../../../Engine/Content/EditorLandscapeResources/LandscapeGizmoHeight_Mat.uasset" 41
"../../../Engine/Content/EditorLandscapeResources/LandscapeGizmo_Mat.uasset" 42
"../../../Engine/Content/EditorLandscapeResources/LandscapeGizmo_Mat_Copied.uasset" 43
"../../../Engine/Content/EditorLandscapeResources/SplineEditorMeshMat.uasset" 44
"../../../Engine/Content/EditorLandscapeResources/SplineEditorMesh.uasset" 45
"../../../Engine/Content/EditorMaterials/Cross.uasset" 46
"../../../Engine/Content/EditorMaterials/Cross_Mat.uasset" 47
"../../../Engine/Content/EditorMaterials/GizmoMaterial.uasset" 48
"../../../Engine/Content/Functions/Engine_MaterialFunctions02/Utility/Sign.uasset" 49
"../../../Engine/Content/Functions/Engine_MaterialFunctions02/Utility/Round.uasset" 50
"../../../Engine/Content/Functions/Engine_MaterialFunctions02/ExampleContent/Textures/flipbook.uasset" 51
"../../../Engine/Content/Functions/Engine_MaterialFunctions02/Texturing/FlipBook.uasset" 52
"../../../Engine/Content/EditorResources/T_EditorHelp.uasset" 53
"../../../Engine/Content/EditorMaterials/HelpActorMaterial.uasset" 54
"../../../Engine/Content/EditorMaterials/CompositeARGBLayer.uasset" 55
"../../../Engine/Content/EditorMaterials/TilingAALineIntegral.uasset" 56
"../../../Engine/Content/EditorMaterials/TilingAALineBoxFiltered.uasset" 57
"../../../Engine/Content/Functions/Engine_MaterialFunctions03/Procedurals/ComputeFilterWidth.uasset" 58
"../../../Engine/Content/EditorMaterials/TilingAADots.uasset" 59
"../../../Engine/Content/EditorMaterials/Cascade/CASC_Cross.uasset" 60
"../../../Engine/Content/EditorMaterials/Cascade/CASC_None.uasset" 61
"../../../Engine/Content/Functions/Engine_MaterialFunctions03/Blends/Blend_Screen.uasset" 62
"../../../Engine/Content/EditorMaterials/TilingAAGrid.uasset" 63
"../../../Engine/Content/EditorMaterials/LevelGridMaterial.uasset" 64
"../../../Engine/Content/EditorMaterials/MakeCompositeARGBLayer.uasset" 65
"../../../Engine/Content/EditorResources/LevelGrid1DStripes.uasset" 66
"../../../Engine/Content/EditorMaterials/TextureGridCascaded1D.uasset" 67
"../../../Engine/Content/EditorMaterials/TextureGridCascaded2D.uasset" 68
"../../../Engine/Content/EditorMaterials/LevelGridMaterial2.uasset" 69
"../../../Engine/Content/EditorMaterials/MAT_Groups_Toggle.uasset" 70
"../../../Engine/Content/EditorMaterials/MAT_Groups_Visibility.uasset" 71
"../../../Engine/Content/EditorMaterials/PhAT_BoneSelectedMaterial.uasset" 72
"../../../Engine/Content/EditorMaterials/PhAT_ElemSelectedMaterial.uasset" 73
"../../../Engine/Content/EditorMaterials/PhAT_NoCollisionMaterial.uasset" 74
"../../../Engine/Content/EditorMaterials/PhAT_UnselectedMaterial.uasset" 75
"../../../Engine/Content/EditorMaterials/PreviewShadowIndicator.uasset" 76
"../../../Engine/Content/EditorMaterials/PreviewShadowIndicatorMaterial.uasset" 77
"../../../Engine/Content/EditorMaterials/TargetIcon.uasset" 78
"../../../Engine/Content/EditorMaterials/Tick.uasset" 79
"../../../Engine/Content/EditorMaterials/Tick_Mat.uasset" 80
"../../../Engine/Content/EditorMaterials/WidgetGridVertexColorMaterial.uasset" 81
"../../../Engine/Content/EditorMaterials/WidgetGridVertexColorMaterial_Ma.uasset" 82
"../../../Engine/Content/EditorMaterials/WidgetMaterial.uasset" 83
"../../../Engine/Content/EditorMaterials/WidgetMaterial_Current.uasset" 84
"../../../Engine/Content/EditorMaterials/WidgetMaterial_X.uasset" 85
"../../../Engine/Content/EditorMaterials/WidgetMaterial_Y.uasset" 86
"../../../Engine/Content/EditorMaterials/WidgetMaterial_Z.uasset" 87
"../../../Engine/Content/EditorMaterials/WidgetVertexColorMaterial.uasset" 88
"../../../Engine/Content/EditorMaterials/AssetViewer/EpicQuadPanorama_CC+EV1.uasset" 89
"../../../Engine/Content/EditorMaterials/MatineeGroups/MAT_ColorTrack.uasset" 90
"../../../Engine/Content/EditorMaterials/MatineeGroups/MAT_Groups_Anim.uasset" 91
"../../../Engine/Content/EditorMaterials/MatineeGroups/MAT_Groups_AudioMaster.uasset" 92
"../../../Engine/Content/EditorMaterials/MatineeGroups/MAT_Groups_Director.uasset" 93
"../../../Engine/Content/EditorMaterials/MatineeGroups/MAT_Groups_Event.uasset" 94
"../../../Engine/Content/EditorMaterials/MatineeGroups/MAT_Groups_Fade.uasset" 95
"../../../Engine/Content/EditorMaterials/MatineeGroups/MAT_Groups_Float.uasset" 96
"../../../Engine/Content/EditorMaterials/MatineeGroups/MAT_Groups_Move.uasset" 97
"../../../Engine/Content/EditorMaterials/MatineeGroups/MAT_Groups_Slomo.uasset" 98
"../../../Engine/Content/EditorMaterials/MatineeGroups/MAT_Groups_Sound.uasset" 99
"../../../Engine/Content/EditorMaterials/MatineeGroups/MAT_Groups_Vector.uasset" 100
"../../../Engine/Content/EditorMaterials/ParticleSystems/PSysThumbnail_NoImage.uasset" 101
"../../../Engine/Content/EditorMaterials/ParticleSystems/PSysThumbnail_OOD.uasset" 102
"../../../Engine/Content/EngineMaterials/Grid.uasset" 103
"../../../Engine/Content/EditorMaterials/Thumbnails/FloorPlaneMaterial.uasset" 104
"../../../Engine/Content/EditorMeshes/EditorCylinder.uasset" 105
"../../../Engine/Content/EditorMeshes/EditorPlane.uasset" 106
"../../../Engine/Content/EditorMaterials/Thumbnails/SkySphereMaterial.uasset" 107
"../../../Engine/Content/EditorMeshes/EditorSkySphere.uasset" 108
"../../../Engine/Content/EditorMeshes/EditorSphere.uasset" 109
"../../../Engine/Content/EditorResources/MatineeCam_D.uasset" 110
"../../../Engine/Content/EditorMaterials/MatineeCam_mat.uasset" 111
"../../../Engine/Content/EditorMeshes/MatineeCam_SM.uasset" 112
"../../../Engine/Content/EditorMaterials/Camera/CineMat.uasset" 113
"../../../Engine/Content/EditorMaterials/Camera/MI_CineMat_CameraBody.uasset" 114
"../../../Engine/Content/EngineDebugMaterials/M_SimpleOpaque.uasset" 115
"../../../Engine/Content/EditorMaterials/Camera/MI_CineMat_CamViewFinder.uasset" 116
"../../../Engine/Content/EditorMeshes/Camera/SM_CineCam.uasset" 117
"../../../Engine/Content/EditorMaterials/Camera/MI_CineMat_Rig.uasset" 118
"../../../Engine/Content/EditorMeshes/Camera/SM_CraneRig_Arm.uasset" 119
"../../../Engine/Content/EditorMeshes/Camera/SM_CraneRig_Base.uasset" 120
"../../../Engine/Content/EditorMeshes/Camera/SM_CraneRig_Body.uasset" 121
"../../../Engine/Content/EditorMeshes/Camera/SM_CraneRig_Mount.uasset" 122
"../../../Engine/Content/EditorMeshes/Camera/SM_RailRig_Mount.uasset" 123
"../../../Engine/Content/EditorMeshes/Camera/SM_RailRig_Track.uasset" 124
"../../../Engine/Content/EditorMeshes/ColorCalibrator/M_ChromeBall.uasset" 125
"../../../Engine/Content/EditorMeshes/ColorCalibrator/M_ClearCoat.uasset" 126
"../../../Engine/Content/EditorMeshes/ColorCalibrator/M_ClearCoatBlack.uasset" 127
"../../../Engine/Content/EditorMeshes/ColorCalibrator/T_ColorGrid.uasset" 128
"../../../Engine/Content/EditorMeshes/ColorCalibrator/M_ColorGrid.uasset" 129
"../../../Engine/Content/EditorMeshes/ColorCalibrator/M_GreyBall.uasset" 130
"../../../Engine/Content/EditorMeshes/ColorCalibrator/SM_ColorCalibrator.uasset" 131
"../../../Engine/Content/EditorResources/Bad.uasset" 132
"../../../Engine/Content/EditorResources/BSPVertex.uasset" 133
"../../../Engine/Content/EditorResources/EmptyActor.uasset" 134
"../../../Engine/Content/EditorResources/MatInstActSprite.uasset" 135
"../../../Engine/Content/EditorResources/SceneManager.uasset" 136
"../../../Engine/Content/EditorResources/SmallFont.uasset" 137
"../../../Engine/Content/EditorResources/S_Actor.uasset" 138
"../../../Engine/Content/EditorResources/S_DecalActorIcon.uasset" 139
"../../../Engine/Content/EditorResources/S_Emitter.uasset" 140
"../../../Engine/Content/EditorResources/S_ExpoHeightFog.uasset" 141
"../../../Engine/Content/EditorResources/S_FTest.uasset" 142
"../../../Engine/Content/EditorResources/S_KBSJoint.uasset" 143
"../../../Engine/Content/EditorResources/S_KHinge.uasset" 144
"../../../Engine/Content/EditorResources/S_KPrismatic.uasset" 145
"../../../Engine/Content/EditorResources/S_LevelSequence.uasset" 146
"../../../Engine/Content/EditorResources/S_NavP.uasset" 147
"../../../Engine/Content/EditorResources/S_Note.uasset" 148
"../../../Engine/Content/EditorResources/S_Player.uasset" 149
"../../../Engine/Content/EditorResources/S_PortalActorIcon2.uasset" 150
"../../../Engine/Content/EditorResources/S_RadForce.uasset" 151
"../../../Engine/Content/EditorResources/S_ReflActorIcon.uasset" 152
"../../../Engine/Content/EditorResources/S_Terrain.uasset" 153
"../../../Engine/Content/EditorResources/S_TextRenderActorIcon.uasset" 154
"../../../Engine/Content/EditorResources/S_Thruster.uasset" 155
"../../../Engine/Content/EditorResources/S_Trigger.uasset" 156
"../../../Engine/Content/EditorResources/S_VectorFieldVol.uasset" 157
"../../../Engine/Content/EditorResources/S_WindDirectional.uasset" 158
"../../../Engine/Content/EditorResources/AI/S_NavLink.uasset" 159
"../../../Engine/Content/EditorResources/AudioIcons/S_AudioComponent_AutoActivate.uasset" 160
"../../../Engine/Content/EditorResources/LightIcons/SkyLight.uasset" 161
"../../../Engine/Content/EditorResources/LightIcons/S_LightDirectional.uasset" 162
"../../../Engine/Content/EditorResources/LightIcons/S_LightDirectionalMove.uasset" 163
"../../../Engine/Content/EditorResources/LightIcons/S_LightError.uasset" 164
"../../../Engine/Content/EditorResources/LightIcons/S_LightPoint.uasset" 165
"../../../Engine/Content/EditorResources/LightIcons/S_LightPointMove.uasset" 166
"../../../Engine/Content/EditorResources/LightIcons/S_LightSpot.uasset" 167
"../../../Engine/Content/EditorResources/LightIcons/S_LightSpotMove.uasset" 168
"../../../Engine/Content/EditorResources/SequenceRecorder/Countdown.uasset" 169
"../../../Engine/Content/EditorResources/SequenceRecorder/RecordingIndicator.uasset" 170
"../../../Engine/Content/EditorResources/Spline/T_Loft_Spline.uasset" 171
"../../../Engine/Content/EditorSounds/GamePreview/PossessPlayer.uasset" 172
"../../../Engine/Content/EditorSounds/GamePreview/PossessPlayer_Cue.uasset" 173
"../../../Engine/Content/EditorSounds/Notifications/CompileFailed.uasset" 174
"../../../Engine/Content/EditorSounds/Notifications/CompileFailed_Cue.uasset" 175
"../../../Engine/Content/EditorSounds/Notifications/CompileSuccess.uasset" 176
"../../../Engine/Content/EditorSounds/Notifications/CompileStart_Cue.uasset" 177
"../../../Engine/Content/EditorSounds/Notifications/CompileSuccess_Cue.uasset" 178
"../../../Engine/Content/EngineDamageTypes/DmgTypeBP_Environmental.uasset" 179
"../../../Engine/Content/EngineDebugMaterials/HeatmapGradient.uasset" 180
"../../../Engine/Content/EngineDebugMaterials/BoneWeightMaterial.uasset" 181
"../../../Engine/Content/EngineDebugMaterials/ClothMaterial.uasset" 182
"../../../Engine/Content/EngineDebugMaterials/ClothMaterial_WF.uasset" 183
"../../../Engine/Content/EngineDebugMaterials/DebugEditorMaterial.uasset" 184
"../../../Engine/Content/EngineDebugMaterials/DebugMeshMaterial.uasset" 185
"../../../Engine/Content/EngineDebugMaterials/GeomMaterial.uasset" 186
"../../../Engine/Content/Functions/Engine_MaterialFunctions01/Shading/ConvertFromDiffSpec.uasset" 187
"../../../Engine/Content/EngineDebugMaterials/LevelColorationLitMaterial.uasset" 188
"../../../Engine/Content/EngineDebugMaterials/LevelColorationUnlitMaterial.uasset" 189
"../../../Engine/Content/EngineMaterials/DefaultWhiteGrid.uasset" 190
"../../../Engine/Content/EngineDebugMaterials/MAT_LevelColorationLitLightmapUV.uasset" 191
"../../../Engine/Content/EngineDebugMaterials/M_SimpleTranslucent.uasset" 192
"../../../Engine/Content/EngineDebugMaterials/ShadedLevelColorationLitMaterial.uasset" 193
"../../../Engine/Content/EngineDebugMaterials/ShadedLevelColorationUnlitMateri.uasset" 194
"../../../Engine/Content/EngineDebugMaterials/VertexColorMaterial.uasset" 195
"../../../Engine/Content/EngineDebugMaterials/VertexColorViewMode_AlphaAsColor.uasset" 196
"../../../Engine/Content/EngineDebugMaterials/VertexColorViewMode_BlueOnly.uasset" 197
"../../../Engine/Content/EngineDebugMaterials/VertexColorViewMode_ColorOnly.uasset" 198
"../../../Engine/Content/EngineDebugMaterials/VertexColorViewMode_GreenOnly.uasset" 199
"../../../Engine/Content/EngineDebugMaterials/VertexColorViewMode_RedOnly.uasset" 200
"../../../Engine/Content/EngineDebugMaterials/WireframeMaterial.uasset" 201
"../../../Engine/Content/EngineFonts/Faces/RobotoBold.uasset" 202
"../../../Engine/Content/EngineFonts/Faces/RobotoBoldItalic.uasset" 203
"../../../Engine/Content/EngineFonts/Faces/RobotoItalic.uasset" 204
"../../../Engine/Content/EngineFonts/Faces/RobotoLight.uasset" 205
"../../../Engine/Content/EngineFonts/Faces/RobotoRegular.uasset" 206
"../../../Engine/Content/EngineFonts/Roboto.uasset" 207
"../../../Engine/Content/EngineFonts/Faces/RobotoTiny.uasset" 208
"../../../Engine/Content/EngineFonts/RobotoTiny.uasset" 209
"../../../Engine/Content/EngineFonts/SmallFont.uasset" 210
"../../../Engine/Content/EngineFonts/TinyFont.uasset" 211
"../../../Engine/Content/EngineResources/WhiteSquareTexture.uasset" 212
"../../../Engine/Content/EngineMaterials/BlinkingCaret.uasset" 213
"../../../Engine/Content/EngineMaterials/DefaultBloomKernel.uasset" 214
"../../../Engine/Content/EngineMaterials/DefaultBokeh.uasset" 215
"../../../Engine/Content/EngineMaterials/DefaultDiffuse.uasset" 216
"../../../Engine/Content/EngineMaterials/DefaultDeferredDecalMaterial.uasset" 217
"../../../Engine/Content/EngineMaterials/DefaultLightFunctionMaterial.uasset" 218
"../../../Engine/Content/EngineMaterials/DefaultNormal.uasset" 219
"../../../Engine/Content/EngineMaterials/DefaultPostProcessMaterial.uasset" 220
"../../../Engine/Content/EngineFonts/RobotoDistanceField.uasset" 221
"../../../Engine/Content/EngineMaterials/DefaultTextMaterialOpaque.uasset" 222
"../../../Engine/Content/EngineMaterials/EditorBrushMaterial.uasset" 223
"../../../Engine/Content/EngineMaterials/Good64x64TilingNoiseHighFreq.uasset" 224
"../../../Engine/Content/EngineMaterials/Grid_N.uasset" 225
"../../../Engine/Content/EngineMaterials/HighResolutionScreenshotMaskFunction.uasset" 226
"../../../Engine/Content/EngineMaterials/HighResScreenshot.uasset" 227
"../../../Engine/Content/EngineMaterials/HighResScreenshotCaptureRegion.uasset" 228
"../../../Engine/Content/EngineMaterials/HighResScreenshotMask.uasset" 229
"../../../Engine/Content/EngineMaterials/LandscapeHolePhysicalMaterial.uasset" 230
"../../../Engine/Content/EngineMaterials/InvalidLightmapSettings.uasset" 231
"../../../Engine/Content/EngineMaterials/M_InvalidLightmapSettings.uasset" 232
"../../../Engine/Content/EngineMaterials/PaperDiffuse.uasset" 233
"../../../Engine/Content/EngineMaterials/PaperNormal.uasset" 234
"../../../Engine/Content/EngineMaterials/PhAT_JointLimitMaterial.uasset" 235
"../../../Engine/Content/EngineMaterials/PhysMat_Rubber.uasset" 236
"../../../Engine/Content/EngineMaterials/PreintegratedSkinBRDF.uasset" 237
"../../../Engine/Content/EngineMaterials/RemoveSurfaceMaterial.uasset" 238
"../../../Engine/Content/EngineMaterials/WeightMapPlaceholderTexture.uasset" 239
"../../../Engine/Content/EngineMaterials/Widget3DPassThrough.uasset" 240
"../../../Engine/Content/EngineMaterials/Widget3DPassThrough_Masked.uasset" 241
"../../../Engine/Content/EngineMaterials/Widget3DPassThrough_Opaque.uasset" 242
"../../../Engine/Content/EngineMaterials/Widget3DPassThrough_Masked_OneSided.uasset" 243
"../../../Engine/Content/EngineMaterials/Widget3DPassThrough_Opaque_OneSided.uasset" 244
"../../../Engine/Content/EngineMaterials/Widget3DPassThrough_Translucent.uasset" 245
"../../../Engine/Content/EngineMaterials/Widget3DPassThrough_Translucent_OneSided.uasset" 246
"../../../Engine/Content/EngineMeshes/Cube.uasset" 247
"../../../Engine/Content/EngineMeshes/Cylinder.uasset" 248
"../../../Engine/Content/EngineMeshes/Sphere.uasset" 249
"../../../Engine/Content/EngineResources/Black.uasset" 250
"../../../Engine/Content/EngineResources/DefaultTexture.uasset" 251
"../../../Engine/Content/EngineResources/DefaultTextureCube.uasset" 252
"../../../Engine/Content/EngineResources/GradientTexture0.uasset" 253
"../../../Engine/Content/EngineResources/StreamingPauseIcon.uasset" 254
"../../../Engine/Content/EngineResources/M_StreamingPause.uasset" 255
"../../../Engine/Content/EngineSounds/Master.uasset" 256
"../../../Engine/Content/Functions/Engine_MaterialFunctions01/Shading/PowerToRoughness.uasset" 257
"../../../Engine/Content/Maps/Templates/Thumbnails/Default.uasset" 258
"../../../Engine/Content/Maps/Templates/Thumbnails/VR-Basic.uasset" 259
"../../../Engine/Content/MapTemplates/Sky/DaylightAmbientCubemap.uasset" 260
"../../../Engine/Content/MobileResources/T_MobileControls_texture.uasset" 261
"../../../Engine/Content/MobileResources/T_MobileMenu2.uasset" 262
"../../../Engine/Content/MobileResources/HUD/AnalogHat.uasset" 263
"../../../Engine/Content/MobileResources/HUD/VirtualJoystick_Background.uasset" 264
"../../../Engine/Content/MobileResources/HUD/VirtualJoystick_Thumb.uasset" 265
"../../../Engine/Content/MobileResources/HUD/DefaultVirtualJoysticks.uasset" 266
"../../../Engine/Content/MobileResources/HUD/LeftVirtualJoystickOnly.uasset" 267
"../../../Engine/Content/MobileResources/HUD/MobileHUDButton1_off.uasset" 268
"../../../Engine/Content/MobileResources/HUD/MobileHUDButton1_on.uasset" 269
"../../../Engine/Content/MobileResources/HUD/MobileHUDButton2_off.uasset" 270
"../../../Engine/Content/MobileResources/HUD/MobileHUDButton2_on.uasset" 271
"../../../Engine/Content/MobileResources/HUD/MobileHUDButton3.uasset" 272
"../../../Engine/Content/MobileResources/HUD/MobileHUDButtonFire.uasset" 273
"../../../Engine/Content/MobileResources/HUD/MobileHUDDirectionPad.uasset" 274
"../../../Engine/Content/MobileResources/HUD/MobileHUDDirectionPad2.uasset" 275
"../../../Engine/Content/MobileResources/HUD/MobileHUDDirectionPad3.uasset" 276
"../../../Engine/Content/MobileResources/HUD/MobileHUDDirectionStick.uasset" 277
"../../../Engine/Content/MobileResources/HUD/T_Castle_ThumbstickInner.uasset" 278
"../../../Engine/Content/MobileResources/HUD/T_Castle_ThumbstickOutter.uasset" 279
"../../../Engine/Content/Tutorial/ContentIntroCurve.uasset" 280
"../../../Engine/Content/Tutorial/Basics/TutorialAssets/icon_tab_Levels_40x.uasset" 281
"../../../Engine/Content/Tutorial/BlueprintTutorials/TutorialAssets/BlueprintInterface_64x.uasset" 282
"../../../Engine/Content/Tutorial/BlueprintTutorials/TutorialAssets/BlueprintMacroLibrary_64x.uasset" 283
"../../../Engine/Content/Tutorial/BlueprintTutorials/TutorialAssets/Blueprint_64x.uasset" 284
"../../../Engine/Content/Tutorial/BlueprintTutorials/TutorialAssets/Tutorial_BP_Interface.uasset" 285
"../../../Engine/Content/Tutorial/Foliage/TutorialAssets/Foliage.uasset" 286
"../../../Engine/Content/Tutorial/Landscape/TutorialAssets/Landscape.uasset" 287
"../../../Engine/Content/Tutorial/Paper2D/TutorialAssets/Paper2DFlipbook_TutorialIcon.uasset" 288
"../../../Engine/Content/Tutorial/Paper2D/TutorialAssets/Paper2DSprite_TutorialIcon.uasset" 289
"../../../Engine/Content/Tutorial/SubEditors/TutorialAssets/icon_Editor_Preferences_General_40x.uasset" 290
"../../../Engine/Content/Tutorial/SubEditors/TutorialAssets/icon_ShowSkeletalMeshes_40x.uasset" 291
"../../../Engine/Content/Tutorial/SubEditors/TutorialAssets/TutorialMaterial.uasset" 292
"../../../Engine/Content/Tutorial/SubEditors/TutorialAssets/T_SmokeSubUV_8X8.uasset" 293
"../../../Engine/Content/Tutorial/SubEditors/TutorialAssets/T_soft_smoke.uasset" 294
"../../../Engine/Content/Tutorial/SubEditors/TutorialAssets/M_smoke_subUV_blackbody.uasset" 295
"../../../Engine/Content/Tutorial/SubEditors/TutorialAssets/TutorialParticleSystem.uasset" 296
"../../../Engine/Content/EditorMeshes/EditorCube.uasset" 297
"../../../Engine/Content/Tutorial/SubEditors/TutorialAssets/Tutorial_DM.uasset" 298
"../../../Engine/Content/VREditor/Devices/Generic/GenericHMDMaterial.uasset" 299
"../../../Engine/Content/VREditor/Devices/Generic/GenericHMD.uasset" 300
"../../../Engine/Content/VREditor/FloatingText/LineMaterial.uasset" 301
"../../../Engine/Content/VREditor/FloatingText/JointSphere.uasset" 302
"../../../Engine/Content/VREditor/FloatingText/LineSegmentCylinder.uasset" 303
"../../../Engine/Content/VREditor/Fonts/VRText_RobotoLarge.uasset" 304
"../../../Engine/Content/VREditor/Fonts/VRTextMaterial.uasset" 305
"../../../Engine/Content/VREditor/Fonts/TranslucentVRTextMaterial.uasset" 306
"../../../Engine/Content/VREditor/LaserPointer/CursorPointer.uasset" 307
"../../../Engine/Content/VREditor/LaserPointer/VR_LaserPower_01.uasset" 308
"../../../Engine/Content/VREditor/TransformGizmo/TransformGizmoMaterial.uasset" 309
"../../../Engine/Content/VREditor/LaserPointer/HoverMaterial.uasset" 310
"../../../Engine/Content/VREditor/TransformGizmo/TranslucentTransformGizmoMaterial.uasset" 311
"../../../Engine/Content/VREditor/LaserPointer/TranslucentHoverMaterial.uasset" 312
"../../../Engine/Content/VREditor/LaserPointer/HoverMesh.uasset" 313
"../../../Engine/Content/VREditor/LaserPointer/LaserPointerMaterial.uasset" 314
"../../../Engine/Content/VREditor/LaserPointer/LaserPointerMaterialInst.uasset" 315
"../../../Engine/Content/VREditor/LaserPointer/TranslucentLaserPointerMaterialInst.uasset" 316
"../../../Engine/Content/VREditor/LaserPointer/LaserPointerMesh.uasset" 317
"../../../Engine/Content/VREditor/LaserPointer/LaserPointerMesh_End.uasset" 318
"../../../Engine/Content/VREditor/LaserPointer/LaserPointerMesh_Start.uasset" 319
"../../../Engine/Content/Functions/Engine_MaterialFunctions02/Utility/BreakOutFloat3Components.uasset" 320
"../../../Engine/Content/Functions/Engine_MaterialFunctions02/Math/Transform3x3Matrix.uasset" 321
"../../../Engine/Content/Functions/Engine_MaterialFunctions02/SplitComponents.uasset" 322
"../../../Engine/Content/VREditor/SnapGrid/SnapGridMaterial.uasset" 323
"../../../Engine/Content/VREditor/SnapGrid/SnapGridPlaneMesh.uasset" 324
"../../../Engine/Content/VREditor/Sounds/VR_teleport.uasset" 325
"../../../Engine/Content/VREditor/Sounds/UI/Click_on_Button_Cue.uasset" 326
"../../../Engine/Content/VREditor/Sounds/UI/Dockable_Window_Close.uasset" 327
"../../../Engine/Content/VREditor/Sounds/UI/Dockable_Window_Drop.uasset" 328
"../../../Engine/Content/VREditor/Sounds/UI/Dockable_Window_Open.uasset" 329
"../../../Engine/Content/VREditor/Sounds/UI/Dockable_Window_Pick_Up.uasset" 330
"../../../Engine/Content/VREditor/Sounds/UI/Drop_Item_From_ContentBrowser.uasset" 331
"../../../Engine/Content/VREditor/Sounds/UI/Floating_UI_Open-001.uasset" 332
"../../../Engine/Content/VREditor/Sounds/UI/Gizmo_Handle_Clicked.uasset" 333
"../../../Engine/Content/VREditor/Sounds/UI/Object_PickUp.uasset" 334
"../../../Engine/Content/VREditor/Sounds/UI/Object_Snaps_To_Another_Actor.uasset" 335
"../../../Engine/Content/VREditor/Sounds/UI/Object_Snaps_To_Grid.uasset" 336
"../../../Engine/Content/VREditor/Sounds/UI/Radial_Menu_FadeOut.uasset" 337
"../../../Engine/Content/VREditor/Sounds/UI/Scaling_Down.uasset" 338
"../../../Engine/Content/VREditor/Sounds/UI/Scaling_Up.uasset" 339
"../../../Engine/Content/VREditor/Sounds/UI/Selection_Changes.uasset" 340
"../../../Engine/Content/VREditor/Sounds/UI/Teleport_Mode_Entered.uasset" 341
"../../../Engine/Content/VREditor/Teleport/TeleportDirectionMaterial.uasset" 342
"../../../Engine/Content/VREditor/Teleport/TeleportDirectionMaterial_Inst.uasset" 343
"../../../Engine/Content/VREditor/Teleport/TeleportDirectionMesh.uasset" 344
"../../../Engine/Content/VREditor/TransformGizmo/BoundingBoxCorner.uasset" 345
"../../../Engine/Content/VREditor/TransformGizmo/BoundingBoxEdge.uasset" 346
"../../../Engine/Content/VREditor/TransformGizmo/PlaneTranslationHandle.uasset" 347
"../../../Engine/Content/VREditor/TransformGizmo/RotationHandleFull.uasset" 348
"../../../Engine/Content/VREditor/TransformGizmo/RotationHandleIndicator.uasset" 349
"../../../Engine/Content/VREditor/TransformGizmo/RotationHandleQuarter.uasset" 350
"../../../Engine/Content/VREditor/TransformGizmo/Main.uasset" 351
"../../../Engine/Content/VREditor/TransformGizmo/Xray.uasset" 352
"../../../Engine/Content/VREditor/TransformGizmo/SM_Dialog_Close.uasset" 353
"../../../Engine/Content/VREditor/TransformGizmo/SM_Dialog_Move.uasset" 354
"../../../Engine/Content/VREditor/TransformGizmo/SM_Sequencer_Key.uasset" 355
"../../../Engine/Content/VREditor/TransformGizmo/StartRotationHandleIndicator.uasset" 356
"../../../Engine/Content/VREditor/TransformGizmo/TranslucentTransformGizmoMaterial_Inst.uasset" 357
"../../../Engine/Content/VREditor/TransformGizmo/TransformGizmoFreeRotation.uasset" 358
"../../../Engine/Content/VREditor/TransformGizmo/TransformGizmoMaterial_Inst.uasset" 359
"../../../Engine/Content/VREditor/TransformGizmo/TranslateArrowHandle.uasset" 360
"../../../Engine/Content/VREditor/TransformGizmo/UniformScaleHandle.uasset" 361
"../../../Engine/Content/VREditor/UI/KeyDiskMaterial.uasset" 362
"../../../Engine/Content/VREditor/UI/DiscMaterial.uasset" 363
"../../../Engine/Content/VREditor/UI/SM_Radial_Disk.uasset" 364
"../../../Engine/Content/Functions/Engine_MaterialFunctions01/Gradient/RadialGradient.uasset" 365
"../../../Engine/Content/VREditor/WorldMovementGrid/SimpleGrid.uasset" 366
"../../../Engine/Content/VREditor/WorldMovementGrid/GridMaterial.uasset" 367
"../../../Engine/Content/Functions/Engine_MaterialFunctions01/Density/ExponentialDensity.uasset" 368
"../../../Engine/Content/VREditor/WorldMovementGrid/GridPostProcess.uasset" 369
"../../../Engine/Content/EditorLandscapeResources/FlattenHeightMat.uasset" 370
"../../../Engine/Content/VREditor/WorldMovementGrid/PlaneMesh.uasset" 371
"../../../Engine/Plugins/2D/Paper2D/Content/PlaceholderTextures/DummySpriteTexture.uasset" 372
"../../../Engine/Plugins/2D/Paper2D/Content/DummySprite.uasset" 373
"../../../Engine/Plugins/2D/Paper2D/Content/DefaultPaperTerrainMaterial.uasset" 374
"../../../Engine/Plugins/2D/Paper2D/Content/DefaultSpriteMaterial.uasset" 375
"../../../Engine/Plugins/2D/Paper2D/Content/MaskedUnlitSpriteMaterial.uasset" 376
"../../../Engine/Plugins/2D/Paper2D/Content/OpaqueUnlitSpriteMaterial.uasset" 377
"../../../Engine/Plugins/Runtime/Oculus/OculusVR/Content/Textures/GearVRController_AO.uasset" 378
"../../../Engine/Plugins/Runtime/Oculus/OculusVR/Content/Textures/GearVRController_Color.uasset" 379
"../../../Engine/Plugins/Runtime/Oculus/OculusVR/Content/Textures/GearVRController_Normal.uasset" 380
"../../../Engine/Plugins/Runtime/Oculus/OculusVR/Content/Materials/GearVRControllerMaterial.uasset" 381
"../../../Engine/Plugins/Runtime/Oculus/OculusVR/Content/Meshes/GearVrController.uasset" 382
"../../../Engine/Content/Maps/Entry.umap" 383
"../../../Engine/Content/EditorBlueprintResources/StandardMacros.uasset" 384
"../../../IndustrialHellscape/Content/Orbit/Materials/ParameterCollections/MPC_Lightning.uasset" 385
"../../../IndustrialHellscape/Content/Orbit/Materials/M_Lightning.uasset" 386
"../../../IndustrialHellscape/Content/Orbit/Meshes/SM_LightningRod.uasset" 387
"../../../IndustrialHellscape/Content/Orbit/Blueprints/BP_LightningBolt.uasset" 388
"../../../IndustrialHellscape/Content/Orbit/Blueprints/EN_BackdropCloudType.uasset" 389
"../../../IndustrialHellscape/Content/Orbit/Blueprints/EN_StratusCloudSampleQuality.uasset" 390
"../../../IndustrialHellscape/Content/Orbit/Blueprints/EN_VolumetricLightingDistance.uasset" 391
"../../../IndustrialHellscape/Content/Orbit/Blueprints/EN_VolumetricLIghtingQualitySettngs.uasset" 392
"../../../IndustrialHellscape/Content/Orbit/Blueprints/ST_WeatherPatternMaster.uasset" 393
"../../../IndustrialHellscape/Content/Orbit/Materials/Curves/CF_AdvancedStarsVisibility.uasset" 394
"../../../IndustrialHellscape/Content/Orbit/Materials/Curves/CF_AmbientLighting.uasset" 395
"../../../IndustrialHellscape/Content/Orbit/Materials/Curves/CF_BackdropLighting.uasset" 396
"../../../IndustrialHellscape/Content/Orbit/Materials/Curves/CF_LibrationCurve.uasset" 397
"../../../IndustrialHellscape/Content/Orbit/Materials/Curves/CF_MoonBacklightingCycleCurve.uasset" 398
"../../../IndustrialHellscape/Content/Orbit/Materials/Curves/CF_MoonLighting.uasset" 399
"../../../IndustrialHellscape/Content/Orbit/Materials/Curves/CF_MoonPhaseAutomation.uasset" 400
"../../../IndustrialHellscape/Content/Orbit/Materials/Curves/CF_SkyBrightness.uasset" 401
"../../../IndustrialHellscape/Content/Orbit/Materials/Curves/CF_StarsVisibility.uasset" 402
"../../../IndustrialHellscape/Content/Orbit/Materials/Curves/CF_StratusBacklighting.uasset" 403
"../../../IndustrialHellscape/Content/Orbit/Materials/Curves/CF_StratusBrightness.uasset" 404
"../../../IndustrialHellscape/Content/Orbit/Materials/Curves/CF_StratusDensityConversionHour.uasset" 405
"../../../IndustrialHellscape/Content/Orbit/Materials/Curves/CF_StratusSunBacklighting.uasset" 406
"../../../IndustrialHellscape/Content/Orbit/Materials/Curves/CF_StratusSunBacklightingFalloff.uasset" 407
"../../../IndustrialHellscape/Content/Orbit/Materials/Curves/CF_SunLighting.uasset" 408
"../../../IndustrialHellscape/Content/Orbit/Materials/Curves/CF_SunPositionOverDay.uasset" 409
"../../../IndustrialHellscape/Content/Orbit/Materials/Curves/CF_TemperatureOverDay.uasset" 410
"../../../IndustrialHellscape/Content/Orbit/Materials/Curves/CLC_BackdropColor.uasset" 411
"../../../IndustrialHellscape/Content/Orbit/Materials/Curves/CLC_CloudDarkColor.uasset" 412
"../../../IndustrialHellscape/Content/Orbit/Materials/Curves/CLC_CloudLightColor.uasset" 413
"../../../IndustrialHellscape/Content/Orbit/Materials/Curves/CLC_HorizonColor.uasset" 414
"../../../IndustrialHellscape/Content/Orbit/Materials/Curves/CLC_MeridianColor.uasset" 415
"../../../IndustrialHellscape/Content/Orbit/Materials/Curves/CLC_SunColor.uasset" 416
"../../../IndustrialHellscape/Content/Orbit/Materials/Curves/CLC_ZenithColor.uasset" 417
"../../../IndustrialHellscape/Content/Orbit/Textures/T_HDRSky3.uasset" 418
"../../../IndustrialHellscape/Content/Orbit/Materials/M_HDRSky.uasset" 419
"../../../IndustrialHellscape/Content/Orbit/Materials/MI_HDRSky.uasset" 420
"../../../Engine/Content/Functions/Engine_MaterialFunctions01/Gradient/LinearGradient.uasset" 421
"../../../Engine/Content/Functions/Engine_MaterialFunctions01/ImageAdjustment/CheapContrast.uasset" 422
"../../../IndustrialHellscape/Content/Orbit/Materials/M_SkyColor.uasset" 423
"../../../IndustrialHellscape/Content/Orbit/Materials/MI_SkyColor.uasset" 424
"../../../Engine/Content/Functions/Engine_MaterialFunctions01/Texturing/WorldAlignedTexture.uasset" 425
"../../../IndustrialHellscape/Content/Orbit/Textures/T_Fog.uasset" 426
"../../../IndustrialHellscape/Content/Orbit/Textures/T_Starsheet.uasset" 427
"../../../IndustrialHellscape/Content/Orbit/Materials/M_Starfield.uasset" 428
"../../../IndustrialHellscape/Content/Orbit/Textures/T_Noise2.uasset" 429
"../../../IndustrialHellscape/Content/Orbit/Materials/MI_Starfield.uasset" 430
"../../../Engine/Content/Functions/Engine_MaterialFunctions01/Coordinates/WorldPosition-XY.uasset" 431
"../../../Engine/Content/Functions/Engine_MaterialFunctions02/Texturing/CustomRotator.uasset" 432
"../../../IndustrialHellscape/Content/Orbit/Textures/T_Dust.uasset" 433
"../../../IndustrialHellscape/Content/Orbit/Materials/M_VolumeLighting.uasset" 434
"../../../IndustrialHellscape/Content/Orbit/Materials/MI_VolumeLighting.uasset" 435
"../../../IndustrialHellscape/Content/Orbit/Materials/ParameterCollections/MPC_CloudShadows.uasset" 436
"../../../IndustrialHellscape/Content/Orbit/Materials/ParameterCollections/MPC_WeatherCover.uasset" 437
"../../../IndustrialHellscape/Content/Orbit/Materials/ParameterCollections/MPC_Wind.uasset" 438
"../../../Engine/Content/BasicShapes/Sphere.uasset" 439
"../../../IndustrialHellscape/Content/Orbit/Audio/SCL_Rain.uasset" 440
"../../../IndustrialHellscape/Content/Orbit/Audio/SMX_Rain.uasset" 441
"../../../IndustrialHellscape/Content/Orbit/Audio/Wav/S_Rain.uasset" 442
"../../../IndustrialHellscape/Content/Orbit/Audio/Wav/S_ThunderFar.uasset" 443
"../../../IndustrialHellscape/Content/Orbit/Audio/Wav/S_ThunderNear.uasset" 444
"../../../IndustrialHellscape/Content/Orbit/Audio/Wav/S_ThunderVeryFar.uasset" 445
"../../../IndustrialHellscape/Content/Orbit/Blueprints/EN_Hemisphere.uasset" 446
"../../../IndustrialHellscape/Content/Orbit/Blueprints/EN_Months.uasset" 447
"../../../IndustrialHellscape/Content/Orbit/Blueprints/EN_Season.uasset" 448
"../../../IndustrialHellscape/Content/Orbit/Blueprints/EN_WeatherPattern.uasset" 449
"../../../IndustrialHellscape/Content/Orbit/Blueprints/EN_WeatherPatternSaveable.uasset" 450
"../../../IndustrialHellscape/Content/Orbit/Textures/T_CirrusMask1.uasset" 451
"../../../IndustrialHellscape/Content/Orbit/Materials/M_Backdrop.uasset" 452
"../../../IndustrialHellscape/Content/Orbit/Materials/MI_Backdrop1.uasset" 453
"../../../IndustrialHellscape/Content/Orbit/Textures/T_CirrusMask2.uasset" 454
"../../../IndustrialHellscape/Content/Orbit/Materials/MI_Backdrop2.uasset" 455
"../../../IndustrialHellscape/Content/Orbit/Textures/T_CirrusMask3.uasset" 456
"../../../IndustrialHellscape/Content/Orbit/Materials/MI_Backdrop3.uasset" 457
"../../../IndustrialHellscape/Content/Orbit/Textures/T_CirrusMask4.uasset" 458
"../../../IndustrialHellscape/Content/Orbit/Materials/MI_Backdrop4.uasset" 459
"../../../IndustrialHellscape/Content/Orbit/Meshes/SM_Backdrop.uasset" 460
"../../../IndustrialHellscape/Content/Orbit/Textures/T_Moon.uasset" 461
"../../../IndustrialHellscape/Content/Orbit/Materials/M_Moon.uasset" 462
"../../../IndustrialHellscape/Content/Orbit/Materials/MI_Moon.uasset" 463
"../../../IndustrialHellscape/Content/Orbit/Meshes/SM_Moon.uasset" 464
"../../../IndustrialHellscape/Content/Orbit/Materials/M_MoonCycleMask.uasset" 465
"../../../IndustrialHellscape/Content/Orbit/Meshes/SM_MoonCycleMask.uasset" 466
"../../../IndustrialHellscape/Content/Orbit/Meshes/SM_Skydome.uasset" 467
"../../../IndustrialHellscape/Content/Orbit/Materials/M_Starsheet.uasset" 468
"../../../IndustrialHellscape/Content/Orbit/Materials/MI_Starsheet.uasset" 469
"../../../IndustrialHellscape/Content/Orbit/Meshes/SM_Starsheet.uasset" 470
"../../../IndustrialHellscape/Content/Orbit/Materials/Functions/MF_CloudColorStructureMapping.uasset" 471
"../../../IndustrialHellscape/Content/Orbit/Textures/T_StratusClouds.uasset" 472
"../../../IndustrialHellscape/Content/Orbit/Materials/M_StratusClouds.uasset" 473
"../../../IndustrialHellscape/Content/Orbit/Materials/MI_StratusClouds.uasset" 474
"../../../IndustrialHellscape/Content/Orbit/Meshes/SM_StratusCloudSheet.uasset" 475
"../../../IndustrialHellscape/Content/Orbit/Meshes/SM_StratusCloudSheetLQ.uasset" 476
"../../../IndustrialHellscape/Content/Orbit/Meshes/SM_VolumeFrustumHQ.uasset" 477
"../../../IndustrialHellscape/Content/Orbit/Meshes/SM_VolumeFrustumLQ.uasset" 478
"../../../IndustrialHellscape/Content/Orbit/Meshes/SM_VolumeFrustumMQ.uasset" 479
"../../../IndustrialHellscape/Content/Orbit/Meshes/SM_VolumeFrustumUHQ.uasset" 480
"../../../Engine/Content/Functions/Engine_MaterialFunctions01/Gradient/RadialGradientExponential.uasset" 481
"../../../Engine/Content/Functions/Engine_MaterialFunctions01/Texturing/MotionBlur-Texture.uasset" 482
"../../../IndustrialHellscape/Content/Orbit/Textures/T_SingleDrop.uasset" 483
"../../../IndustrialHellscape/Content/Orbit/Textures/T_SingleDropDDN.uasset" 484
"../../../IndustrialHellscape/Content/Orbit/Materials/M_Raindrop.uasset" 485
"../../../IndustrialHellscape/Content/Orbit/Materials/MI_Raindrop.uasset" 486
"../../../IndustrialHellscape/Content/Orbit/Particles/PS_RainDrop.uasset" 487
"../../../IndustrialHellscape/Content/Orbit/Textures/T_SnowflakeMask.uasset" 488
"../../../IndustrialHellscape/Content/Orbit/Materials/M_Snowflakes.uasset" 489
"../../../IndustrialHellscape/Content/Orbit/Particles/PS_Snow.uasset" 490
"../../../IndustrialHellscape/Content/Orbit/Textures/T_CirrocumulusMask1.uasset" 491
"../../../IndustrialHellscape/Content/Orbit/Textures/T_CirrocumulusMask2.uasset" 492
"../../../IndustrialHellscape/Content/Orbit/Textures/T_CirrocumulusMask3.uasset" 493
"../../../IndustrialHellscape/Content/Orbit/Textures/T_CirrocumulusMask4.uasset" 494
"../../../IndustrialHellscape/Content/Orbit/Textures/T_Cumulonimbus1.uasset" 495
"../../../IndustrialHellscape/Content/Orbit/Textures/T_Cumulonimbus2.uasset" 496
"../../../IndustrialHellscape/Content/Orbit/Textures/T_Cumulonimbus3.uasset" 497
"../../../IndustrialHellscape/Content/Orbit/Textures/T_Cumulonimbus4.uasset" 498
"../../../IndustrialHellscape/Content/Orbit/Textures/T_HDRSky1.uasset" 499
"../../../IndustrialHellscape/Content/Orbit/Textures/T_VolumetricLightingIcon.uasset" 500
"../../../IndustrialHellscape/Content/Orbit/Blueprints/BP_Orbit.uasset" 501
"../../../IndustrialHellscape/Content/blockout_003_BuiltData.uasset" 502
"../../../Engine/Content/BasicShapes/BasicShapeMaterial.uasset" 503
"../../../IndustrialHellscape/Content/Orbit/Materials/M_CloudShadows.uasset" 504
"../../../Engine/Content/BasicShapes/Cube.uasset" 505
"../../../IndustrialHellscape/Content/blockout_003.umap" 506
"../../../Engine/Content/EngineSky/C_Sky_Cloud_Color.uasset" 507
"../../../Engine/Content/EngineSky/C_Sky_Horizon_Color.uasset" 508
"../../../Engine/Content/EngineSky/C_Sky_Zenith_Color.uasset" 509
"../../../Engine/Content/EngineSky/T_Sky_Blue.uasset" 510
"../../../Engine/Content/EngineSky/T_Sky_Clouds_M.uasset" 511
"../../../Engine/Content/EngineSky/T_Sky_Stars.uasset" 512
"../../../Engine/Content/EngineSky/M_Sky_Panning_Clouds2.uasset" 513
"../../../Engine/Content/EngineSky/SM_SkySphere.uasset" 514
"../../../Engine/Content/EngineSky/BP_Sky_Sphere.uasset" 515
"../../../IndustrialHellscape/Content/StarterContent/Textures/T_MacroVariation.uasset" 516
"../../../IndustrialHellscape/Content/StarterContent/Materials/M_Metal_Brushed_Nickel.uasset" 517
"../../../IndustrialHellscape/Content/StarterContent/Textures/T_Metal_Aluminum_D.uasset" 518
"../../../IndustrialHellscape/Content/StarterContent/Textures/T_Metal_Gold_N.uasset" 519
"../../../IndustrialHellscape/Content/StarterContent/Materials/M_Metal_Burnished_Steel.uasset" 520
"../../../IndustrialHellscape/Content/StarterContent/Textures/T_Metal_Copper_D.uasset" 521
"../../../IndustrialHellscape/Content/StarterContent/Materials/M_Metal_Copper.uasset" 522
"../../../IndustrialHellscape/Content/StarterContent/Textures/T_Chair_M.uasset" 523
"../../../IndustrialHellscape/Content/StarterContent/Textures/T_Chair_N.uasset" 524
"../../../IndustrialHellscape/Content/StarterContent/Props/Materials/M_Chair.uasset" 525
"../../../IndustrialHellscape/Content/StarterContent/Textures/T_Statue_M.uasset" 526
"../../../IndustrialHellscape/Content/StarterContent/Textures/T_Statue_N.uasset" 527
"../../../IndustrialHellscape/Content/StarterContent/Props/Materials/M_StatueGlass.uasset" 528
"../../../IndustrialHellscape/Content/StarterContent/Materials/M_Basic_Floor.uasset" 529
"../../../IndustrialHellscape/Content/StarterContent/Architecture/Floor_400x400.uasset" 530
"../../../IndustrialHellscape/Content/StarterContent/Audio/Starter_Background_Cue.uasset" 531
"../../../IndustrialHellscape/Content/StarterContent/Props/SM_Chair.uasset" 532
"../../../IndustrialHellscape/Content/StarterContent/Props/Materials/M_Statue.uasset" 533
"../../../IndustrialHellscape/Content/StarterContent/Props/SM_Statue.uasset" 534
"../../../IndustrialHellscape/Content/StarterContent/Textures/T_TableRound_M.uasset" 535
"../../../IndustrialHellscape/Content/StarterContent/Textures/T_TableRound_N.uasset" 536
"../../../IndustrialHellscape/Content/StarterContent/Props/Materials/M_TableRound.uasset" 537
"../../../IndustrialHellscape/Content/StarterContent/Props/SM_TableRound.uasset" 538
"../../../IndustrialHellscape/Content/StarterContent/Maps/Minimal_Default.umap" 539
